<?xml version="1.0" encoding="UTF-8"?>
<testsuite name="PropertyTest" tests="5" skipped="0" failures="0" errors="0" timestamp="2020-05-14T23:45:03" hostname="Harry-Desktop" time="0.008">
  <properties/>
  <testcase name="getColourAsStringTest" classname="PropertyTest" time="0.007"/>
  <testcase name="getHousePriceTest" classname="PropertyTest" time="0.0"/>
  <testcase name="getColorTest1" classname="PropertyTest" time="0.0"/>
  <testcase name="getColorTest2" classname="PropertyTest" time="0.0"/>
  <testcase name="getHotelPriceTest" classname="PropertyTest" time="0.0"/>
  <system-out><![CDATA[]]></system-out>
  <system-err><![CDATA[]]></system-err>
</testsuite>
