<?xml version="1.0" encoding="UTF-8"?>
<testsuite name="FreeParkingTest" tests="2" skipped="0" failures="0" errors="0" timestamp="2020-05-14T23:45:03" hostname="Harry-Desktop" time="0.001">
  <properties/>
  <testcase name="payParkingTest" classname="FreeParkingTest" time="0.0"/>
  <testcase name="resetParkingTest" classname="FreeParkingTest" time="0.0"/>
  <system-out><![CDATA[]]></system-out>
  <system-err><![CDATA[]]></system-err>
</testsuite>
