<?xml version="1.0" encoding="UTF-8"?>
<testsuite name="OwnableTest" tests="4" skipped="0" failures="0" errors="0" timestamp="2020-05-15T00:18:21" hostname="Harry-Desktop" time="0.001">
  <properties/>
  <testcase name="costTest" classname="OwnableTest" time="0.0"/>
  <testcase name="ownerTest" classname="OwnableTest" time="0.0"/>
  <testcase name="buyableTest" classname="OwnableTest" time="0.0"/>
  <testcase name="mortgageTest" classname="OwnableTest" time="0.0"/>
  <system-out><![CDATA[]]></system-out>
  <system-err><![CDATA[]]></system-err>
</testsuite>
