<?xml version="1.0" encoding="UTF-8"?>
<testsuite name="PlayerTest" tests="5" skipped="0" failures="0" errors="0" timestamp="2020-05-04T17:28:50" hostname="Harry-Desktop" time="0.004">
  <properties/>
  <testcase name="moneyTest" classname="PlayerTest" time="0.003"/>
  <testcase name="testBuying" classname="PlayerTest" time="0.001"/>
  <testcase name="testInJail" classname="PlayerTest" time="0.0"/>
  <testcase name="testSelling" classname="PlayerTest" time="0.0"/>
  <testcase name="nameTest" classname="PlayerTest" time="0.0"/>
  <system-out><![CDATA[]]></system-out>
  <system-err><![CDATA[]]></system-err>
</testsuite>
