<?xml version="1.0" encoding="UTF-8"?>
<testsuite name="UnitTestExample" tests="1" skipped="0" failures="0" errors="0" timestamp="2020-05-03T23:20:04" hostname="Harry-Desktop" time="0.002">
  <properties/>
  <testcase name="oneEqualsOne" classname="UnitTestExample" time="0.002"/>
  <system-out><![CDATA[]]></system-out>
  <system-err><![CDATA[]]></system-err>
</testsuite>
