<?xml version="1.0" encoding="UTF-8"?>
<testsuite name="PropertyTest" tests="18" skipped="0" failures="0" errors="0" timestamp="2020-05-15T01:42:56" hostname="Harry-Desktop" time="0.016">
  <properties/>
  <testcase name="getColourAsStringTest" classname="PropertyTest" time="0.01"/>
  <testcase name="testGetCurrentRent2" classname="PropertyTest" time="0.0"/>
  <testcase name="testGetCurrentRent" classname="PropertyTest" time="0.003"/>
  <testcase name="testSellProperty2" classname="PropertyTest" time="0.0"/>
  <testcase name="testSellProperty3" classname="PropertyTest" time="0.0"/>
  <testcase name="testSellProperty" classname="PropertyTest" time="0.0"/>
  <testcase name="getHousePriceTest" classname="PropertyTest" time="0.0"/>
  <testcase name="getColourTest2" classname="PropertyTest" time="0.001"/>
  <testcase name="testAdd_GetDevPrice2" classname="PropertyTest" time="0.0"/>
  <testcase name="getColorTest1" classname="PropertyTest" time="0.0"/>
  <testcase name="getColorTest3" classname="PropertyTest" time="0.0"/>
  <testcase name="testDevelop" classname="PropertyTest" time="0.0"/>
  <testcase name="testBuyProperty" classname="PropertyTest" time="0.0"/>
  <testcase name="getHotelPriceTest" classname="PropertyTest" time="0.0"/>
  <testcase name="testAdd_GetDevPrice" classname="PropertyTest" time="0.0"/>
  <testcase name="testDevelop2" classname="PropertyTest" time="0.001"/>
  <testcase name="testDevelop3" classname="PropertyTest" time="0.0"/>
  <testcase name="testDevelop4" classname="PropertyTest" time="0.0"/>
  <system-out><![CDATA[1
]]></system-out>
  <system-err><![CDATA[]]></system-err>
</testsuite>
